<?xml version="1.0" encoding="UTF-8"?>
<!-- Generated by org.testng.reporters.JUnitReportReporter -->
<testsuite hostname="DESKTOP-FEDTOVE" failures="0" tests="2" name="com.swaglabs.TsetCases.OverviewPagetest" time="0.184" errors="0" timestamp="2024-01-09T15:57:24 IST" skipped="0">
  <testcase classname="com.swaglabs.TsetCases.OverviewPagetest" name="verifysummury" time="0.099"/>
  <system-out/>
  <testcase classname="com.swaglabs.TsetCases.OverviewPagetest" name="verifyfinish" time="0.085"/>
  <system-out/>
</testsuite> <!-- com.swaglabs.TsetCases.OverviewPagetest -->
