<?xml version="1.0" encoding="UTF-8"?>
<!-- Generated by org.testng.reporters.JUnitReportReporter -->
<testsuite hostname="DESKTOP-FEDTOVE" failures="0" tests="2" name="com.swaglabs.TsetCases.OverviewPagetest" time="0.281" errors="0" timestamp="2024-01-09T15:03:46 IST" skipped="0">
  <testcase classname="com.swaglabs.TsetCases.OverviewPagetest" name="verifysummury" time="0.141"/>
  <system-out/>
  <testcase classname="com.swaglabs.TsetCases.OverviewPagetest" name="verifyfinish" time="0.140"/>
  <system-out/>
</testsuite> <!-- com.swaglabs.TsetCases.OverviewPagetest -->
